<?xml version="1.0" encoding="UTF-8"?>
<!-- Generated by org.testng.reporters.JUnitReportReporter -->
<testsuite hostname="GGKU5DELL1629" failures="0" tests="1" name="readExcel.ReadExcel" time="0.508" errors="0" timestamp="2024-08-03T16:46:13 IST" skipped="0">
  <testcase classname="readExcel.ReadExcel" name="readexcel" time="0.508"/>
</testsuite> <!-- readExcel.ReadExcel -->
