<?xml version="1.0" encoding="UTF-8"?>
<!-- Generated by org.testng.reporters.JUnitReportReporter -->
<testsuite hostname="GGKU5DELL1629" failures="0" tests="2" name="testcases.WriteExcelData" time="0.733" errors="0" timestamp="2024-08-03T20:40:56 IST" skipped="0">
  <testcase classname="testcases.WriteExcelData" name="writeExcel1" time="0.044"/>
  <testcase classname="testcases.WriteExcelData" name="writeExcel" time="0.689"/>
</testsuite> <!-- testcases.WriteExcelData -->
