<?xml version="1.0" encoding="UTF-8"?>
<!-- Generated by org.testng.reporters.JUnitReportReporter -->
<testsuite hostname="GGKU5DELL1629" failures="0" tests="1" name="testcases.ReadExcelData" time="0.531" errors="0" timestamp="2024-08-03T18:03:59 IST" skipped="0">
  <testcase classname="testcases.ReadExcelData" name="readExcelTest" time="0.531"/>
</testsuite> <!-- testcases.ReadExcelData -->
